<?xml version="1.0" encoding="UTF-8"?>
<testsuite name="MainTest" tests="22" skipped="0" failures="0" errors="0" timestamp="2021-06-04T20:38:56" hostname="DESKTOP-HNG3HQ1" time="0.954">
  <properties/>
  <testcase name="shouldAddCampesinoVictim()" classname="MainTest" time="0.036"/>
  <testcase name="shouldDeletePersonasComunalesVictim()" classname="MainTest" time="0.003"/>
  <testcase name="shouldExportPersonasFile()" classname="MainTest" time="0.001"/>
  <testcase name="shouldAddIndigenaVictim()" classname="MainTest" time="0.003"/>
  <testcase name="shouldDeletePersonasLgtbiqVictim()" classname="MainTest" time="0.002"/>
  <testcase name="shouldDeletePersonasAmbientalesVictims()" classname="MainTest" time="0.001"/>
  <testcase name="shouldAddAmbientalistaVictim()" classname="MainTest" time="0.002"/>
  <testcase name="shouldAddVictim()" classname="MainTest" time="0.002"/>
  <testcase name="shouldAddComunalVictim()" classname="MainTest" time="0.002"/>
  <testcase name="shouldDeletePersonasSindicalesVictim()" classname="MainTest" time="0.003"/>
  <testcase name="shouldDeleteTotalVictims()" classname="MainTest" time="0.004"/>
  <testcase name="shouldDeletePersonasAfrodescendientesVictims()" classname="MainTest" time="0.002"/>
  <testcase name="shouldAddSindicalVictim()" classname="MainTest" time="0.002"/>
  <testcase name="shouldDeletePersonasIndigenaVictim()" classname="MainTest" time="0.002"/>
  <testcase name="shouldDeletePersonasCampesinosVictims()" classname="MainTest" time="0.002"/>
  <testcase name="shouldImportPersonasFile()" classname="MainTest" time="0.852"/>
  <testcase name="shouldUpdateVictim()" classname="MainTest" time="0.001"/>
  <testcase name="shouldDeleteVictim()" classname="MainTest" time="0.001"/>
  <testcase name="shouldAddLgtbiqVictim()" classname="MainTest" time="0.002"/>
  <testcase name="shouldDeletePersonasCivicosVictims()" classname="MainTest" time="0.002"/>
  <testcase name="shouldAddCivicoVictim()" classname="MainTest" time="0.002"/>
  <testcase name="shouldAddAfrodecendienteVictim()" classname="MainTest" time="0.002"/>
  <system-out><![CDATA[Edwin
Alfredo
Yordan Eduardo
Albeiro
Wilson
Aldinever
Robinson
Janeth
Jose Miguel
Arcenio
Remberto
Yordan Eduardo
Ovidio de Jesus
Juan Carlos
Justiniano
Jorge Emilio
Gerardo
Diego
Carlos Alberto
Beatriz
Andres
Gonzalo 
Geovanny
Orlando
Rafael
Alejandro
Luz Aida
Pedro Nel
Marcos
John Albeiro
Carmen Ofelia
Miguel
Alvaro
Jose
Maria Ofelia
Dionisio
Jaime
Maria Bernarda
Gilberto
Ramiro
Fernando
Sandra Liliana
Aura Esther
Aura Esther
Ricardo
Carlos Erlid
Fermiliano
William Antonio
Linda
Jose
Julian Sneider
Giovanis
Yecid Andres
Jose Ever
Luis
Karina Paola
German
Alvaro Farid
Luis Octavio
Francisco
Yovani
Juan David
Cecilia
Armando
Fredman
JosÃ©
Margarito
nn
Edwin
Alfredo
Yordan Eduardo
Albeiro
Wilson
Aldinever
Robinson
Janeth
Jose Miguel
Arcenio
Remberto
Yordan Eduardo
Ovidio de Jesus
Juan Carlos
Justiniano
Jorge Emilio
Gerardo
Diego
Carlos Alberto
Beatriz
Andres
Gonzalo 
Geovanny
Orlando
Rafael
Alejandro
Luz Aida
Pedro Nel
Marcos
John Albeiro
Carmen Ofelia
Miguel
Alvaro
Jose
Maria Ofelia
Dionisio
Jaime
Maria Bernarda
Gilberto
Ramiro
Fernando
Sandra Liliana
Aura Esther
Aura Esther
Ricardo
Carlos Erlid
Fermiliano
William Antonio
Linda
Jose
Julian Sneider
Giovanis
Yecid Andres
Jose Ever
Luis
Karina Paola
German
Alvaro Farid
Luis Octavio
Francisco
Yovani
Juan David
Cecilia
Armando
Fredman
JosÃ©
Margarito
Edwin
Alfredo
Yordan Eduardo
Albeiro
Wilson
Aldinever
Robinson
Janeth
Jose Miguel
Arcenio
Remberto
Yordan Eduardo
Ovidio de Jesus
Juan Carlos
Justiniano
Jorge Emilio
Gerardo
Diego
Carlos Alberto
Beatriz
Andres
Gonzalo 
Geovanny
Orlando
Rafael
Alejandro
Luz Aida
Pedro Nel
Marcos
John Albeiro
Carmen Ofelia
Miguel
Alvaro
Jose
Maria Ofelia
Dionisio
Jaime
Maria Bernarda
Gilberto
Ramiro
Fernando
Sandra Liliana
Aura Esther
Aura Esther
Ricardo
Carlos Erlid
Fermiliano
William Antonio
Linda
Jose
Julian Sneider
Giovanis
Yecid Andres
Jose Ever
Luis
Karina Paola
German
Alvaro Farid
Luis Octavio
Francisco
Yovani
Juan David
Cecilia
Armando
Fredman
JosÃ©
Margarito
Edwin
Alfredo
Yordan Eduardo
Albeiro
Wilson
Aldinever
Robinson
Janeth
Jose Miguel
Arcenio
Remberto
Yordan Eduardo
Ovidio de Jesus
Juan Carlos
Justiniano
Jorge Emilio
Gerardo
Diego
Carlos Alberto
Beatriz
Andres
Gonzalo 
Geovanny
Orlando
Rafael
Alejandro
Luz Aida
Pedro Nel
Marcos
John Albeiro
Carmen Ofelia
Miguel
Alvaro
Jose
Maria Ofelia
Dionisio
Jaime
Maria Bernarda
Gilberto
Ramiro
Fernando
Sandra Liliana
Aura Esther
Aura Esther
Ricardo
Carlos Erlid
Fermiliano
William Antonio
Linda
Jose
Julian Sneider
Giovanis
Yecid Andres
Jose Ever
Luis
Karina Paola
German
Alvaro Farid
Luis Octavio
Francisco
Yovani
Juan David
Cecilia
Armando
Fredman
JosÃ©
Margarito
Edwin
Alfredo
Yordan Eduardo
Albeiro
Wilson
Aldinever
Robinson
Janeth
Jose Miguel
Arcenio
Remberto
Yordan Eduardo
Ovidio de Jesus
Juan Carlos
Justiniano
Jorge Emilio
Gerardo
Diego
Carlos Alberto
Beatriz
Andres
Gonzalo 
Geovanny
Orlando
Rafael
Alejandro
Luz Aida
Pedro Nel
Marcos
John Albeiro
Carmen Ofelia
Miguel
Alvaro
Jose
Maria Ofelia
Dionisio
Jaime
Maria Bernarda
Gilberto
Ramiro
Fernando
Sandra Liliana
Aura Esther
Aura Esther
Ricardo
Carlos Erlid
Fermiliano
William Antonio
Linda
Jose
Julian Sneider
Giovanis
Yecid Andres
Jose Ever
Luis
Karina Paola
German
Alvaro Farid
Luis Octavio
Francisco
Yovani
Juan David
Cecilia
Armando
Fredman
JosÃ©
Margarito
Edwin
Alfredo
Yordan Eduardo
Albeiro
Wilson
Aldinever
Robinson
Janeth
Jose Miguel
Arcenio
Remberto
Yordan Eduardo
Ovidio de Jesus
Juan Carlos
Justiniano
Jorge Emilio
Gerardo
Diego
Carlos Alberto
Beatriz
Andres
Gonzalo 
Geovanny
Orlando
Rafael
Alejandro
Luz Aida
Pedro Nel
Marcos
John Albeiro
Carmen Ofelia
Miguel
Alvaro
Jose
Maria Ofelia
Dionisio
Jaime
Maria Bernarda
Gilberto
Ramiro
Fernando
Sandra Liliana
Aura Esther
Aura Esther
Ricardo
Carlos Erlid
Fermiliano
William Antonio
Linda
Jose
Julian Sneider
Giovanis
Yecid Andres
Jose Ever
Luis
Karina Paola
German
Alvaro Farid
Luis Octavio
Francisco
Yovani
Juan David
Cecilia
Armando
Fredman
JosÃ©
Margarito
Edwin
Alfredo
Yordan Eduardo
Albeiro
Wilson
Aldinever
Robinson
Janeth
Jose Miguel
Arcenio
Remberto
Yordan Eduardo
Ovidio de Jesus
Juan Carlos
Justiniano
Jorge Emilio
Gerardo
Diego
Carlos Alberto
Beatriz
Andres
Gonzalo 
Geovanny
Orlando
Rafael
Alejandro
Luz Aida
Pedro Nel
Marcos
John Albeiro
Carmen Ofelia
Miguel
Alvaro
Jose
Maria Ofelia
Dionisio
Jaime
Maria Bernarda
Gilberto
Ramiro
Fernando
Sandra Liliana
Aura Esther
Aura Esther
Ricardo
Carlos Erlid
Fermiliano
William Antonio
Linda
Jose
Julian Sneider
Giovanis
Yecid Andres
Jose Ever
Luis
Karina Paola
German
Alvaro Farid
Luis Octavio
Francisco
Yovani
Juan David
Cecilia
Armando
Fredman
JosÃ©
Margarito
Edwin
Alfredo
Yordan Eduardo
Albeiro
Wilson
Aldinever
Robinson
Janeth
Jose Miguel
Arcenio
Remberto
Yordan Eduardo
Ovidio de Jesus
Juan Carlos
Justiniano
Jorge Emilio
Gerardo
Diego
Carlos Alberto
Beatriz
Andres
Gonzalo 
Geovanny
Orlando
Rafael
Alejandro
Luz Aida
Pedro Nel
Marcos
John Albeiro
Carmen Ofelia
Miguel
Alvaro
Jose
Maria Ofelia
Dionisio
Jaime
Maria Bernarda
Gilberto
Ramiro
Fernando
Sandra Liliana
Aura Esther
Aura Esther
Ricardo
Carlos Erlid
Fermiliano
William Antonio
Linda
Jose
Julian Sneider
Giovanis
Yecid Andres
Jose Ever
Luis
Karina Paola
German
Alvaro Farid
Luis Octavio
Francisco
Yovani
Juan David
Cecilia
Armando
Fredman
JosÃ©
Margarito
Edwin
Alfredo
Yordan Eduardo
Albeiro
Wilson
Aldinever
Robinson
Janeth
Jose Miguel
Arcenio
Remberto
Yordan Eduardo
Ovidio de Jesus
Juan Carlos
Justiniano
Jorge Emilio
Gerardo
Diego
Carlos Alberto
Beatriz
Andres
Gonzalo 
Geovanny
Orlando
Rafael
Alejandro
Luz Aida
Pedro Nel
Marcos
John Albeiro
Carmen Ofelia
Miguel
Alvaro
Jose
Maria Ofelia
Dionisio
Jaime
Maria Bernarda
Gilberto
Ramiro
Fernando
Sandra Liliana
Aura Esther
Aura Esther
Ricardo
Carlos Erlid
Fermiliano
William Antonio
Linda
Jose
Julian Sneider
Giovanis
Yecid Andres
Jose Ever
Luis
Karina Paola
German
Alvaro Farid
Luis Octavio
Francisco
Yovani
Juan David
Cecilia
Armando
Fredman
JosÃ©
Margarito
Edwin
Alfredo
Yordan Eduardo
Albeiro
Wilson
Aldinever
Robinson
Janeth
Jose Miguel
Arcenio
Remberto
Yordan Eduardo
Ovidio de Jesus
Juan Carlos
Justiniano
Jorge Emilio
Gerardo
Diego
Carlos Alberto
Beatriz
Andres
Gonzalo 
Geovanny
Orlando
Rafael
Alejandro
Luz Aida
Pedro Nel
Marcos
John Albeiro
Carmen Ofelia
Miguel
Alvaro
Jose
Maria Ofelia
Dionisio
Jaime
Maria Bernarda
Gilberto
Ramiro
Fernando
Sandra Liliana
Aura Esther
Aura Esther
Ricardo
Carlos Erlid
Fermiliano
William Antonio
Linda
Jose
Julian Sneider
Giovanis
Yecid Andres
Jose Ever
Luis
Karina Paola
German
Alvaro Farid
Luis Octavio
Francisco
Yovani
Juan David
Cecilia
Armando
Fredman
JosÃ©
Margarito
Edwin
Alfredo
Yordan Eduardo
Albeiro
Wilson
Aldinever
Robinson
Janeth
Jose Miguel
Arcenio
Remberto
Yordan Eduardo
Ovidio de Jesus
Juan Carlos
Justiniano
Jorge Emilio
Gerardo
Diego
Carlos Alberto
Beatriz
Andres
Gonzalo 
Geovanny
Orlando
Rafael
Alejandro
Luz Aida
Pedro Nel
Marcos
John Albeiro
Carmen Ofelia
Miguel
Alvaro
Jose
Maria Ofelia
Dionisio
Jaime
Maria Bernarda
Gilberto
Ramiro
Fernando
Sandra Liliana
Aura Esther
Aura Esther
Ricardo
Carlos Erlid
Fermiliano
William Antonio
Linda
Jose
Julian Sneider
Giovanis
Yecid Andres
Jose Ever
Luis
Karina Paola
German
Alvaro Farid
Luis Octavio
Francisco
Yovani
Juan David
Cecilia
Armando
Fredman
JosÃ©
Margarito
Edwin
Alfredo
Yordan Eduardo
Albeiro
Wilson
Aldinever
Robinson
Janeth
Jose Miguel
Arcenio
Remberto
Yordan Eduardo
Ovidio de Jesus
Juan Carlos
Justiniano
Jorge Emilio
Gerardo
Diego
Carlos Alberto
Beatriz
Andres
Gonzalo 
Geovanny
Orlando
Rafael
Alejandro
Luz Aida
Pedro Nel
Marcos
John Albeiro
Carmen Ofelia
Miguel
Alvaro
Jose
Maria Ofelia
Dionisio
Jaime
Maria Bernarda
Gilberto
Ramiro
Fernando
Sandra Liliana
Aura Esther
Aura Esther
Ricardo
Carlos Erlid
Fermiliano
William Antonio
Linda
Jose
Julian Sneider
Giovanis
Yecid Andres
Jose Ever
Luis
Karina Paola
German
Alvaro Farid
Luis Octavio
Francisco
Yovani
Juan David
Cecilia
Armando
Fredman
JosÃ©
Margarito
Edwin
Alfredo
Yordan Eduardo
Albeiro
Wilson
Aldinever
Robinson
Janeth
Jose Miguel
Arcenio
Remberto
Yordan Eduardo
Ovidio de Jesus
Juan Carlos
Justiniano
Jorge Emilio
Gerardo
Diego
Carlos Alberto
Beatriz
Andres
Gonzalo 
Geovanny
Orlando
Rafael
Alejandro
Luz Aida
Pedro Nel
Marcos
John Albeiro
Carmen Ofelia
Miguel
Alvaro
Jose
Maria Ofelia
Dionisio
Jaime
Maria Bernarda
Gilberto
Ramiro
Fernando
Sandra Liliana
Aura Esther
Aura Esther
Ricardo
Carlos Erlid
Fermiliano
William Antonio
Linda
Jose
Julian Sneider
Giovanis
Yecid Andres
Jose Ever
Luis
Karina Paola
German
Alvaro Farid
Luis Octavio
Francisco
Yovani
Juan David
Cecilia
Armando
Fredman
JosÃ©
Margarito
Edwin
Alfredo
Yordan Eduardo
Albeiro
Wilson
Aldinever
Robinson
Janeth
Jose Miguel
Arcenio
Remberto
Yordan Eduardo
Ovidio de Jesus
Juan Carlos
Justiniano
Jorge Emilio
Gerardo
Diego
Carlos Alberto
Beatriz
Andres
Gonzalo 
Geovanny
Orlando
Rafael
Alejandro
Luz Aida
Pedro Nel
Marcos
John Albeiro
Carmen Ofelia
Miguel
Alvaro
Jose
Maria Ofelia
Dionisio
Jaime
Maria Bernarda
Gilberto
Ramiro
Fernando
Sandra Liliana
Aura Esther
Aura Esther
Ricardo
Carlos Erlid
Fermiliano
William Antonio
Linda
Jose
Julian Sneider
Giovanis
Yecid Andres
Jose Ever
Luis
Karina Paola
German
Alvaro Farid
Luis Octavio
Francisco
Yovani
Juan David
Cecilia
Armando
Fredman
JosÃ©
Margarito
Edwin
Alfredo
Yordan Eduardo
Albeiro
Wilson
Aldinever
Robinson
Janeth
Jose Miguel
Arcenio
Remberto
Yordan Eduardo
Ovidio de Jesus
Juan Carlos
Justiniano
Jorge Emilio
Gerardo
Diego
Carlos Alberto
Beatriz
Andres
Gonzalo 
Geovanny
Orlando
Rafael
Alejandro
Luz Aida
Pedro Nel
Marcos
John Albeiro
Carmen Ofelia
Miguel
Alvaro
Jose
Maria Ofelia
Dionisio
Jaime
Maria Bernarda
Gilberto
Ramiro
Fernando
Sandra Liliana
Aura Esther
Aura Esther
Ricardo
Carlos Erlid
Fermiliano
William Antonio
Linda
Jose
Julian Sneider
Giovanis
Yecid Andres
Jose Ever
Luis
Karina Paola
German
Alvaro Farid
Luis Octavio
Francisco
Yovani
Juan David
Cecilia
Armando
Fredman
JosÃ©
Margarito
Edwin
Alfredo
Yordan Eduardo
Albeiro
Wilson
Aldinever
Robinson
Janeth
Jose Miguel
Arcenio
Remberto
Yordan Eduardo
Ovidio de Jesus
Juan Carlos
Justiniano
Jorge Emilio
Gerardo
Diego
Carlos Alberto
Beatriz
Andres
Gonzalo 
Geovanny
Orlando
Rafael
Alejandro
Luz Aida
Pedro Nel
Marcos
John Albeiro
Carmen Ofelia
Miguel
Alvaro
Jose
Maria Ofelia
Dionisio
Jaime
Maria Bernarda
Gilberto
Ramiro
Fernando
Sandra Liliana
Aura Esther
Aura Esther
Ricardo
Carlos Erlid
Fermiliano
William Antonio
Linda
Jose
Julian Sneider
Giovanis
Yecid Andres
Jose Ever
Luis
Karina Paola
German
Alvaro Farid
Luis Octavio
Francisco
Yovani
Juan David
Cecilia
Armando
Fredman
JosÃ©
Margarito
Edwin
Alfredo
Yordan Eduardo
Albeiro
Wilson
Aldinever
Robinson
Janeth
Jose Miguel
Arcenio
Remberto
Yordan Eduardo
Ovidio de Jesus
Juan Carlos
Justiniano
Jorge Emilio
Gerardo
Diego
Carlos Alberto
Beatriz
Andres
Gonzalo 
Geovanny
Orlando
Rafael
Alejandro
Luz Aida
Pedro Nel
Marcos
John Albeiro
Carmen Ofelia
Miguel
Alvaro
Jose
Maria Ofelia
Dionisio
Jaime
Maria Bernarda
Gilberto
Ramiro
Fernando
Sandra Liliana
Aura Esther
Aura Esther
Ricardo
Carlos Erlid
Fermiliano
William Antonio
Linda
Jose
Julian Sneider
Giovanis
Yecid Andres
Jose Ever
Luis
Karina Paola
German
Alvaro Farid
Luis Octavio
Francisco
Yovani
Juan David
Cecilia
Armando
Fredman
JosÃ©
Margarito
Edwin
Alfredo
Yordan Eduardo
Albeiro
Wilson
Aldinever
Robinson
Janeth
Jose Miguel
Arcenio
Remberto
Yordan Eduardo
Ovidio de Jesus
Juan Carlos
Justiniano
Jorge Emilio
Gerardo
Diego
Carlos Alberto
Beatriz
Andres
Gonzalo 
Geovanny
Orlando
Rafael
Alejandro
Luz Aida
Pedro Nel
Marcos
John Albeiro
Carmen Ofelia
Miguel
Alvaro
Jose
Maria Ofelia
Dionisio
Jaime
Maria Bernarda
Gilberto
Ramiro
Fernando
Sandra Liliana
Aura Esther
Aura Esther
Ricardo
Carlos Erlid
Fermiliano
William Antonio
Linda
Jose
Julian Sneider
Giovanis
Yecid Andres
Jose Ever
Luis
Karina Paola
German
Alvaro Farid
Luis Octavio
Francisco
Yovani
Juan David
Cecilia
Armando
Fredman
JosÃ©
Margarito
Edwin
Alfredo
Yordan Eduardo
Albeiro
Wilson
Aldinever
Robinson
Janeth
Jose Miguel
Arcenio
Remberto
Yordan Eduardo
Ovidio de Jesus
Juan Carlos
Justiniano
Jorge Emilio
Gerardo
Diego
Carlos Alberto
Beatriz
Andres
Gonzalo 
Geovanny
Orlando
Rafael
Alejandro
Luz Aida
Pedro Nel
Marcos
John Albeiro
Carmen Ofelia
Miguel
Alvaro
Jose
Maria Ofelia
Dionisio
Jaime
Maria Bernarda
Gilberto
Ramiro
Fernando
Sandra Liliana
Aura Esther
Aura Esther
Ricardo
Carlos Erlid
Fermiliano
William Antonio
Linda
Jose
Julian Sneider
Giovanis
Yecid Andres
Jose Ever
Luis
Karina Paola
German
Alvaro Farid
Luis Octavio
Francisco
Yovani
Juan David
Cecilia
Armando
Fredman
JosÃ©
Margarito
Robinson
Robinson
Edwin
Fredman
Gonzalo 
Fredman
Fredman
Gonzalo 
Fredman
Robinson
Gerardo
Edwin
Robinson
Armando
Andres
Geovanny
Gonzalo 
Edwin
Fredman
Gonzalo 
Gerardo
Armando
Geovanny
Robinson
Robinson
Andres
Fredman
Robinson
Gerardo
Edwin
Robinson
Armando
Andres
Geovanny
Gonzalo 
Fredman
Robinson
Gerardo
Edwin
Andres
Armando
Geovanny
Gonzalo 
Andres
Andres
Andres
Andres
And
And
Edwin
Geovanny
Gonzalo 
And
Edwin
Robinson
Gerardo
Andres
Armando
Fredman
Edwin
Edwin
Edwin
Geovanny
Gonzalo 
And
Edwin
Robinson
Gerardo
Andres
Armando
Fredman
Edwin
Geovanny
Gonzalo 
And
Edwin
Robinson
Gerardo
Andres
Armando
Fredman
Edwin
Geovanny
Gonzalo 
And
Edwin
Robinson
Gerardo
Andres
Armando
Fredman
Edwin
Geovanny
Gonzalo 
And
Edwin
Robinson
Gerardo
Andres
Armando
Fredman
Edwin
Geovanny
Gonzalo 
Edwin
Robinson
Gerardo
Andres
Armando
Fredman
Edwin
Edwin
Geovanny
Gonzalo 
Edwin
Robinson
Gerardo
Andres
Armando
Fredman
Edwin
Geovanny
Gonzalo 
Edwin
Robinson
Gerardo
Andres
Armando
Fredman
Andres
Edwin
Alfredo
Yordan Eduardo
Albeiro
Wilson
Aldinever
Robinson
Janeth
Jose Miguel
Arcenio
Remberto
Yordan Eduardo
Ovidio de Jesus
Juan Carlos
Justiniano
Jorge Emilio
Gerardo
Diego
Carlos Alberto
Beatriz
Andres
Gonzalo 
Geovanny
Orlando
Rafael
Alejandro
Luz Aida
Pedro Nel
Marcos
John Albeiro
Carmen Ofelia
Miguel
Alvaro
Jose
Maria Ofelia
Dionisio
Jaime
Maria Bernarda
Gilberto
Ramiro
Fernando
Sandra Liliana
Aura Esther
Aura Esther
Ricardo
Carlos Erlid
Fermiliano
William Antonio
Linda
Jose
Julian Sneider
Giovanis
Yecid Andres
Jose Ever
Luis
Karina Paola
German
Alvaro Farid
Luis Octavio
Francisco
Yovani
Juan David
Cecilia
Armando
Fredman
JosÃ©
Margarito
Edwin
Alfredo
Yordan Eduardo
Albeiro
Wilson
Aldinever
Robinson
Janeth
Jose Miguel
Arcenio
Remberto
Yordan Eduardo
Ovidio de Jesus
Juan Carlos
Justiniano
Jorge Emilio
Gerardo
Diego
Carlos Alberto
Beatriz
Andres
Gonzalo 
Geovanny
Orlando
Rafael
Alejandro
Luz Aida
Pedro Nel
Marcos
John Albeiro
Carmen Ofelia
Miguel
Alvaro
Jose
Maria Ofelia
Dionisio
Jaime
Maria Bernarda
Gilberto
Ramiro
Fernando
Sandra Liliana
Aura Esther
Aura Esther
Ricardo
Carlos Erlid
Fermiliano
William Antonio
Linda
Jose
Julian Sneider
Giovanis
Yecid Andres
Jose Ever
Luis
Karina Paola
German
Alvaro Farid
Luis Octavio
Francisco
Yovani
Juan David
Cecilia
Armando
Fredman
JosÃ©
Margarito
nn
Edwin
Alfredo
Yordan Eduardo
Albeiro
Wilson
Aldinever
Robinson
Janeth
Jose Miguel
Arcenio
Remberto
Yordan Eduardo
Ovidio de Jesus
Juan Carlos
Justiniano
Jorge Emilio
Gerardo
Diego
Carlos Alberto
Beatriz
Andres
Gonzalo 
Geovanny
Orlando
Rafael
Alejandro
Luz Aida
Pedro Nel
Marcos
John Albeiro
Carmen Ofelia
Miguel
Alvaro
Jose
Maria Ofelia
Dionisio
Jaime
Maria Bernarda
Gilberto
Ramiro
Fernando
Sandra Liliana
Aura Esther
Aura Esther
Ricardo
Carlos Erlid
Fermiliano
William Antonio
Linda
Jose
Julian Sneider
Giovanis
Yecid Andres
Jose Ever
Luis
Karina Paola
German
Alvaro Farid
Luis Octavio
Francisco
Yovani
Juan David
Cecilia
Armando
Fredman
JosÃ©
Margarito
Edwin
Alfredo
Yordan Eduardo
Albeiro
Wilson
Aldinever
Robinson
Janeth
Jose Miguel
Arcenio
Remberto
Yordan Eduardo
Ovidio de Jesus
Juan Carlos
Justiniano
Jorge Emilio
Gerardo
Diego
Carlos Alberto
Beatriz
Andres
Gonzalo 
Geovanny
Orlando
Rafael
Alejandro
Luz Aida
Pedro Nel
Marcos
John Albeiro
Carmen Ofelia
Miguel
Alvaro
Jose
Maria Ofelia
Dionisio
Jaime
Maria Bernarda
Gilberto
Ramiro
Fernando
Sandra Liliana
Aura Esther
Aura Esther
Ricardo
Carlos Erlid
Fermiliano
William Antonio
Linda
Jose
Julian Sneider
Giovanis
Yecid Andres
Jose Ever
Luis
Karina Paola
German
Alvaro Farid
Luis Octavio
Francisco
Yovani
Juan David
Cecilia
Armando
Fredman
JosÃ©
Margarito
Edwin
Alfredo
Yordan Eduardo
Albeiro
Wilson
Aldinever
Robinson
Janeth
Jose Miguel
Arcenio
Remberto
Yordan Eduardo
Ovidio de Jesus
Juan Carlos
Justiniano
Jorge Emilio
Gerardo
Diego
Carlos Alberto
Beatriz
Andres
Gonzalo 
Geovanny
Orlando
Rafael
Alejandro
Luz Aida
Pedro Nel
Marcos
John Albeiro
Carmen Ofelia
Miguel
Alvaro
Jose
Maria Ofelia
Dionisio
Jaime
Maria Bernarda
Gilberto
Ramiro
Fernando
Sandra Liliana
Aura Esther
Aura Esther
Ricardo
Carlos Erlid
Fermiliano
William Antonio
Linda
Jose
Julian Sneider
Giovanis
Yecid Andres
Jose Ever
Luis
Karina Paola
German
Alvaro Farid
Luis Octavio
Francisco
Yovani
Juan David
Cecilia
Armando
Fredman
JosÃ©
Margarito
Edwin
Alfredo
Yordan Eduardo
Albeiro
Wilson
Aldinever
Robinson
Janeth
Jose Miguel
Arcenio
Remberto
Yordan Eduardo
Ovidio de Jesus
Juan Carlos
Justiniano
Jorge Emilio
Gerardo
Diego
Carlos Alberto
Beatriz
Andres
Gonzalo 
Geovanny
Orlando
Rafael
Alejandro
Luz Aida
Pedro Nel
Marcos
John Albeiro
Carmen Ofelia
Miguel
Alvaro
Jose
Maria Ofelia
Dionisio
Jaime
Maria Bernarda
Gilberto
Ramiro
Fernando
Sandra Liliana
Aura Esther
Aura Esther
Ricardo
Carlos Erlid
Fermiliano
William Antonio
Linda
Jose
Julian Sneider
Giovanis
Yecid Andres
Jose Ever
Luis
Karina Paola
German
Alvaro Farid
Luis Octavio
Francisco
Yovani
Juan David
Cecilia
Armando
Fredman
JosÃ©
Margarito
Edwin
Alfredo
Yordan Eduardo
Albeiro
Wilson
Aldinever
Robinson
Janeth
Jose Miguel
Arcenio
Remberto
Yordan Eduardo
Ovidio de Jesus
Juan Carlos
Justiniano
Jorge Emilio
Gerardo
Diego
Carlos Alberto
Beatriz
Andres
Gonzalo 
Geovanny
Orlando
Rafael
Alejandro
Luz Aida
Pedro Nel
Marcos
John Albeiro
Carmen Ofelia
Miguel
Alvaro
Jose
Maria Ofelia
Dionisio
Jaime
Maria Bernarda
Gilberto
Ramiro
Fernando
Sandra Liliana
Aura Esther
Aura Esther
Ricardo
Carlos Erlid
Fermiliano
William Antonio
Linda
Jose
Julian Sneider
Giovanis
Yecid Andres
Jose Ever
Luis
Karina Paola
German
Alvaro Farid
Luis Octavio
Francisco
Yovani
Juan David
Cecilia
Armando
Fredman
JosÃ©
Margarito
Edwin
Alfredo
Yordan Eduardo
Albeiro
Wilson
Aldinever
Robinson
Janeth
Jose Miguel
Arcenio
Remberto
Yordan Eduardo
Ovidio de Jesus
Juan Carlos
Justiniano
Jorge Emilio
Gerardo
Diego
Carlos Alberto
Beatriz
Andres
Gonzalo 
Geovanny
Orlando
Rafael
Alejandro
Luz Aida
Pedro Nel
Marcos
John Albeiro
Carmen Ofelia
Miguel
Alvaro
Jose
Maria Ofelia
Dionisio
Jaime
Maria Bernarda
Gilberto
Ramiro
Fernando
Sandra Liliana
Aura Esther
Aura Esther
Ricardo
Carlos Erlid
Fermiliano
William Antonio
Linda
Jose
Julian Sneider
Giovanis
Yecid Andres
Jose Ever
Luis
Karina Paola
German
Alvaro Farid
Luis Octavio
Francisco
Yovani
Juan David
Cecilia
Armando
Fredman
JosÃ©
Margarito
Edwin
Alfredo
Yordan Eduardo
Albeiro
Wilson
Aldinever
Robinson
Janeth
Jose Miguel
Arcenio
Remberto
Yordan Eduardo
Ovidio de Jesus
Juan Carlos
Justiniano
Jorge Emilio
Gerardo
Diego
Carlos Alberto
Beatriz
Andres
Gonzalo 
Geovanny
Orlando
Rafael
Alejandro
Luz Aida
Pedro Nel
Marcos
John Albeiro
Carmen Ofelia
Miguel
Alvaro
Jose
Maria Ofelia
Dionisio
Jaime
Maria Bernarda
Gilberto
Ramiro
Fernando
Sandra Liliana
Aura Esther
Aura Esther
Ricardo
Carlos Erlid
Fermiliano
William Antonio
Linda
Jose
Julian Sneider
Giovanis
Yecid Andres
Jose Ever
Luis
Karina Paola
German
Alvaro Farid
Luis Octavio
Francisco
Yovani
Juan David
Cecilia
Armando
Fredman
JosÃ©
Margarito
Edwin
Alfredo
Yordan Eduardo
Albeiro
Wilson
Aldinever
Robinson
Janeth
Jose Miguel
Arcenio
Remberto
Yordan Eduardo
Ovidio de Jesus
Juan Carlos
Justiniano
Jorge Emilio
Gerardo
Diego
Carlos Alberto
Beatriz
Andres
Gonzalo 
Geovanny
Orlando
Rafael
Alejandro
Luz Aida
Pedro Nel
Marcos
John Albeiro
Carmen Ofelia
Miguel
Alvaro
Jose
Maria Ofelia
Dionisio
Jaime
Maria Bernarda
Gilberto
Ramiro
Fernando
Sandra Liliana
Aura Esther
Aura Esther
Ricardo
Carlos Erlid
Fermiliano
William Antonio
Linda
Jose
Julian Sneider
Giovanis
Yecid Andres
Jose Ever
Luis
Karina Paola
German
Alvaro Farid
Luis Octavio
Francisco
Yovani
Juan David
Cecilia
Armando
Fredman
JosÃ©
Margarito
Edwin
Alfredo
Yordan Eduardo
Albeiro
Wilson
Aldinever
Robinson
Janeth
Jose Miguel
Arcenio
Remberto
Yordan Eduardo
Ovidio de Jesus
Juan Carlos
Justiniano
Jorge Emilio
Gerardo
Diego
Carlos Alberto
Beatriz
Andres
Gonzalo 
Geovanny
Orlando
Rafael
Alejandro
Luz Aida
Pedro Nel
Marcos
John Albeiro
Carmen Ofelia
Miguel
Alvaro
Jose
Maria Ofelia
Dionisio
Jaime
Maria Bernarda
Gilberto
Ramiro
Fernando
Sandra Liliana
Aura Esther
Aura Esther
Ricardo
Carlos Erlid
Fermiliano
William Antonio
Linda
Jose
Julian Sneider
Giovanis
Yecid Andres
Jose Ever
Luis
Karina Paola
German
Alvaro Farid
Luis Octavio
Francisco
Yovani
Juan David
Cecilia
Armando
Fredman
JosÃ©
Margarito
Edwin
Alfredo
Yordan Eduardo
Albeiro
Wilson
Aldinever
Robinson
Janeth
Jose Miguel
Arcenio
Remberto
Yordan Eduardo
Ovidio de Jesus
Juan Carlos
Justiniano
Jorge Emilio
Gerardo
Diego
Carlos Alberto
Beatriz
Andres
Gonzalo 
Geovanny
Orlando
Rafael
Alejandro
Luz Aida
Pedro Nel
Marcos
John Albeiro
Carmen Ofelia
Miguel
Alvaro
Jose
Maria Ofelia
Dionisio
Jaime
Maria Bernarda
Gilberto
Ramiro
Fernando
Sandra Liliana
Aura Esther
Aura Esther
Ricardo
Carlos Erlid
Fermiliano
William Antonio
Linda
Jose
Julian Sneider
Giovanis
Yecid Andres
Jose Ever
Luis
Karina Paola
German
Alvaro Farid
Luis Octavio
Francisco
Yovani
Juan David
Cecilia
Armando
Fredman
JosÃ©
Margarito
Edwin
Alfredo
Yordan Eduardo
Albeiro
Wilson
Aldinever
Robinson
Janeth
Jose Miguel
Arcenio
Remberto
Yordan Eduardo
Ovidio de Jesus
Juan Carlos
Justiniano
Jorge Emilio
Gerardo
Diego
Carlos Alberto
Beatriz
Andres
Gonzalo 
Geovanny
Orlando
Rafael
Alejandro
Luz Aida
Pedro Nel
Marcos
John Albeiro
Carmen Ofelia
Miguel
Alvaro
Jose
Maria Ofelia
Dionisio
Jaime
Maria Bernarda
Gilberto
Ramiro
Fernando
Sandra Liliana
Aura Esther
Aura Esther
Ricardo
Carlos Erlid
Fermiliano
William Antonio
Linda
Jose
Julian Sneider
Giovanis
Yecid Andres
Jose Ever
Luis
Karina Paola
German
Alvaro Farid
Luis Octavio
Francisco
Yovani
Juan David
Cecilia
Armando
Fredman
JosÃ©
Margarito
Edwin
Alfredo
Yordan Eduardo
Albeiro
Wilson
Aldinever
Robinson
Janeth
Jose Miguel
Arcenio
Remberto
Yordan Eduardo
Ovidio de Jesus
Juan Carlos
Justiniano
Jorge Emilio
Gerardo
Diego
Carlos Alberto
Beatriz
Andres
Gonzalo 
Geovanny
Orlando
Rafael
Alejandro
Luz Aida
Pedro Nel
Marcos
John Albeiro
Carmen Ofelia
Miguel
Alvaro
Jose
Maria Ofelia
Dionisio
Jaime
Maria Bernarda
Gilberto
Ramiro
Fernando
Sandra Liliana
Aura Esther
Aura Esther
Ricardo
Carlos Erlid
Fermiliano
William Antonio
Linda
Jose
Julian Sneider
Giovanis
Yecid Andres
Jose Ever
Luis
Karina Paola
German
Alvaro Farid
Luis Octavio
Francisco
Yovani
Juan David
Cecilia
Armando
Fredman
JosÃ©
Margarito
Edwin
Alfredo
Yordan Eduardo
Albeiro
Wilson
Aldinever
Robinson
Janeth
Jose Miguel
Arcenio
Remberto
Yordan Eduardo
Ovidio de Jesus
Juan Carlos
Justiniano
Jorge Emilio
Gerardo
Diego
Carlos Alberto
Beatriz
Andres
Gonzalo 
Geovanny
Orlando
Rafael
Alejandro
Luz Aida
Pedro Nel
Marcos
John Albeiro
Carmen Ofelia
Miguel
Alvaro
Jose
Maria Ofelia
Dionisio
Jaime
Maria Bernarda
Gilberto
Ramiro
Fernando
Sandra Liliana
Aura Esther
Aura Esther
Ricardo
Carlos Erlid
Fermiliano
William Antonio
Linda
Jose
Julian Sneider
Giovanis
Yecid Andres
Jose Ever
Luis
Karina Paola
German
Alvaro Farid
Luis Octavio
Francisco
Yovani
Juan David
Cecilia
Armando
Fredman
JosÃ©
Margarito
Edwin
Alfredo
Yordan Eduardo
Albeiro
Wilson
Aldinever
Robinson
Janeth
Jose Miguel
Arcenio
Remberto
Yordan Eduardo
Ovidio de Jesus
Juan Carlos
Justiniano
Jorge Emilio
Gerardo
Diego
Carlos Alberto
Beatriz
Andres
Gonzalo 
Geovanny
Orlando
Rafael
Alejandro
Luz Aida
Pedro Nel
Marcos
John Albeiro
Carmen Ofelia
Miguel
Alvaro
Jose
Maria Ofelia
Dionisio
Jaime
Maria Bernarda
Gilberto
Ramiro
Fernando
Sandra Liliana
Aura Esther
Aura Esther
Ricardo
Carlos Erlid
Fermiliano
William Antonio
Linda
Jose
Julian Sneider
Giovanis
Yecid Andres
Jose Ever
Luis
Karina Paola
German
Alvaro Farid
Luis Octavio
Francisco
Yovani
Juan David
Cecilia
Armando
Fredman
JosÃ©
Margarito
Edwin
Alfredo
Yordan Eduardo
Albeiro
Wilson
Aldinever
Robinson
Janeth
Jose Miguel
Arcenio
Remberto
Yordan Eduardo
Ovidio de Jesus
Juan Carlos
Justiniano
Jorge Emilio
Gerardo
Diego
Carlos Alberto
Beatriz
Andres
Gonzalo 
Geovanny
Orlando
Rafael
Alejandro
Luz Aida
Pedro Nel
Marcos
John Albeiro
Carmen Ofelia
Miguel
Alvaro
Jose
Maria Ofelia
Dionisio
Jaime
Maria Bernarda
Gilberto
Ramiro
Fernando
Sandra Liliana
Aura Esther
Aura Esther
Ricardo
Carlos Erlid
Fermiliano
William Antonio
Linda
Jose
Julian Sneider
Giovanis
Yecid Andres
Jose Ever
Luis
Karina Paola
German
Alvaro Farid
Luis Octavio
Francisco
Yovani
Juan David
Cecilia
Armando
Fredman
JosÃ©
Margarito
Edwin
Alfredo
Yordan Eduardo
Albeiro
Wilson
Aldinever
Robinson
Janeth
Jose Miguel
Arcenio
Remberto
Yordan Eduardo
Ovidio de Jesus
Juan Carlos
Justiniano
Jorge Emilio
Gerardo
Diego
Carlos Alberto
Beatriz
Andres
Gonzalo 
Geovanny
Orlando
Rafael
Alejandro
Luz Aida
Pedro Nel
Marcos
John Albeiro
Carmen Ofelia
Miguel
Alvaro
Jose
Maria Ofelia
Dionisio
Jaime
Maria Bernarda
Gilberto
Ramiro
Fernando
Sandra Liliana
Aura Esther
Aura Esther
Ricardo
Carlos Erlid
Fermiliano
William Antonio
Linda
Jose
Julian Sneider
Giovanis
Yecid Andres
Jose Ever
Luis
Karina Paola
German
Alvaro Farid
Luis Octavio
Francisco
Yovani
Juan David
Cecilia
Armando
Fredman
JosÃ©
Margarito
Edwin
Alfredo
Yordan Eduardo
Albeiro
Wilson
Aldinever
Robinson
Janeth
Jose Miguel
Arcenio
Remberto
Yordan Eduardo
Ovidio de Jesus
Juan Carlos
Justiniano
Jorge Emilio
Gerardo
Diego
Carlos Alberto
Beatriz
Andres
Gonzalo 
Geovanny
Orlando
Rafael
Alejandro
Luz Aida
Pedro Nel
Marcos
John Albeiro
Carmen Ofelia
Miguel
Alvaro
Jose
Maria Ofelia
Dionisio
Jaime
Maria Bernarda
Gilberto
Ramiro
Fernando
Sandra Liliana
Aura Esther
Aura Esther
Ricardo
Carlos Erlid
Fermiliano
William Antonio
Linda
Jose
Julian Sneider
Giovanis
Yecid Andres
Jose Ever
Luis
Karina Paola
German
Alvaro Farid
Luis Octavio
Francisco
Yovani
Juan David
Cecilia
Armando
Fredman
JosÃ©
Margarito
Edwin
Alfredo
Yordan Eduardo
Albeiro
Wilson
Aldinever
Robinson
Janeth
Jose Miguel
Arcenio
Remberto
Yordan Eduardo
Ovidio de Jesus
Juan Carlos
Justiniano
Jorge Emilio
Gerardo
Diego
Carlos Alberto
Beatriz
Andres
Gonzalo 
Geovanny
Orlando
Rafael
Alejandro
Luz Aida
Pedro Nel
Marcos
John Albeiro
Carmen Ofelia
Miguel
Alvaro
Jose
Maria Ofelia
Dionisio
Jaime
Maria Bernarda
Gilberto
Ramiro
Fernando
Sandra Liliana
Aura Esther
Aura Esther
Ricardo
Carlos Erlid
Fermiliano
William Antonio
Linda
Jose
Julian Sneider
Giovanis
Yecid Andres
Jose Ever
Luis
Karina Paola
German
Alvaro Farid
Luis Octavio
Francisco
Yovani
Juan David
Cecilia
Armando
Fredman
JosÃ©
Margarito
Robinson
Robinson
Edwin
Fredman
Gonzalo 
Fredman
Fredman
Gonzalo 
Fredman
Robinson
Gerardo
Edwin
Robinson
Armando
Andres
Geovanny
Gonzalo 
Edwin
Fredman
Gonzalo 
Gerardo
Armando
Geovanny
Robinson
Robinson
Andres
Fredman
Robinson
Gerardo
Edwin
Robinson
Armando
Andres
Geovanny
Gonzalo 
Fredman
Robinson
Gerardo
Edwin
Andres
Armando
Geovanny
Gonzalo 
Andres
Andres
Andres
Andres
And
And
Edwin
Geovanny
Gonzalo 
And
Edwin
Robinson
Gerardo
Andres
Armando
Fredman
Edwin
Edwin
Edwin
Geovanny
Gonzalo 
And
Edwin
Robinson
Gerardo
Andres
Armando
Fredman
Edwin
Geovanny
Gonzalo 
And
Edwin
Robinson
Gerardo
Andres
Armando
Fredman
Edwin
Geovanny
Gonzalo 
And
Edwin
Robinson
Gerardo
Andres
Armando
Fredman
Edwin
Geovanny
Gonzalo 
And
Edwin
Robinson
Gerardo
Andres
Armando
Fredman
Edwin
Geovanny
Gonzalo 
Edwin
Robinson
Gerardo
Andres
Armando
Fredman
Edwin
Edwin
Geovanny
Gonzalo 
Edwin
Robinson
Gerardo
Andres
Armando
Fredman
Edwin
Geovanny
Gonzalo 
Edwin
Robinson
Gerardo
Andres
Armando
Fredman
Andres
Edwin
Alfredo
Yordan Eduardo
Albeiro
Wilson
Aldinever
Robinson
Janeth
Jose Miguel
Arcenio
Remberto
Yordan Eduardo
Ovidio de Jesus
Juan Carlos
Justiniano
Jorge Emilio
Gerardo
Diego
Carlos Alberto
Beatriz
Andres
Gonzalo 
Geovanny
Orlando
Rafael
Alejandro
Luz Aida
Pedro Nel
Marcos
John Albeiro
Carmen Ofelia
Miguel
Alvaro
Jose
Maria Ofelia
Dionisio
Jaime
Maria Bernarda
Gilberto
Ramiro
Fernando
Sandra Liliana
Aura Esther
Aura Esther
Ricardo
Carlos Erlid
Fermiliano
William Antonio
Linda
Jose
Julian Sneider
Giovanis
Yecid Andres
Jose Ever
Luis
Karina Paola
German
Alvaro Farid
Luis Octavio
Francisco
Yovani
Juan David
Cecilia
Armando
Fredman
JosÃ©
Margarito
Edwin
Alfredo
Yordan Eduardo
Albeiro
Wilson
Aldinever
Robinson
Janeth
Jose Miguel
Arcenio
Remberto
Yordan Eduardo
Ovidio de Jesus
Juan Carlos
Justiniano
Jorge Emilio
Gerardo
Diego
Carlos Alberto
Beatriz
Andres
Gonzalo 
Geovanny
Orlando
Rafael
Alejandro
Luz Aida
Pedro Nel
Marcos
John Albeiro
Carmen Ofelia
Miguel
Alvaro
Jose
Maria Ofelia
Dionisio
Jaime
Maria Bernarda
Gilberto
Ramiro
Fernando
Sandra Liliana
Aura Esther
Aura Esther
Ricardo
Carlos Erlid
Fermiliano
William Antonio
Linda
Jose
Julian Sneider
Giovanis
Yecid Andres
Jose Ever
Luis
Karina Paola
German
Alvaro Farid
Luis Octavio
Francisco
Yovani
Juan David
Cecilia
Armando
Fredman
JosÃ©
Margarito
nn
Edwin
Alfredo
Yordan Eduardo
Albeiro
Wilson
Aldinever
Robinson
Janeth
Jose Miguel
Arcenio
Remberto
Yordan Eduardo
Ovidio de Jesus
Juan Carlos
Justiniano
Jorge Emilio
Gerardo
Diego
Carlos Alberto
Beatriz
Andres
Gonzalo 
Geovanny
Orlando
Rafael
Alejandro
Luz Aida
Pedro Nel
Marcos
John Albeiro
Carmen Ofelia
Miguel
Alvaro
Jose
Maria Ofelia
Dionisio
Jaime
Maria Bernarda
Gilberto
Ramiro
Fernando
Sandra Liliana
Aura Esther
Aura Esther
Ricardo
Carlos Erlid
Fermiliano
William Antonio
Linda
Jose
Julian Sneider
Giovanis
Yecid Andres
Jose Ever
Luis
Karina Paola
German
Alvaro Farid
Luis Octavio
Francisco
Yovani
Juan David
Cecilia
Armando
Fredman
JosÃ©
Margarito
Edwin
Alfredo
Yordan Eduardo
Albeiro
Wilson
Aldinever
Robinson
Janeth
Jose Miguel
Arcenio
Remberto
Yordan Eduardo
Ovidio de Jesus
Juan Carlos
Justiniano
Jorge Emilio
Gerardo
Diego
Carlos Alberto
Beatriz
Andres
Gonzalo 
Geovanny
Orlando
Rafael
Alejandro
Luz Aida
Pedro Nel
Marcos
John Albeiro
Carmen Ofelia
Miguel
Alvaro
Jose
Maria Ofelia
Dionisio
Jaime
Maria Bernarda
Gilberto
Ramiro
Fernando
Sandra Liliana
Aura Esther
Aura Esther
Ricardo
Carlos Erlid
Fermiliano
William Antonio
Linda
Jose
Julian Sneider
Giovanis
Yecid Andres
Jose Ever
Luis
Karina Paola
German
Alvaro Farid
Luis Octavio
Francisco
Yovani
Juan David
Cecilia
Armando
Fredman
JosÃ©
Margarito
Edwin
Alfredo
Yordan Eduardo
Albeiro
Wilson
Aldinever
Robinson
Janeth
Jose Miguel
Arcenio
Remberto
Yordan Eduardo
Ovidio de Jesus
Juan Carlos
Justiniano
Jorge Emilio
Gerardo
Diego
Carlos Alberto
Beatriz
Andres
Gonzalo 
Geovanny
Orlando
Rafael
Alejandro
Luz Aida
Pedro Nel
Marcos
John Albeiro
Carmen Ofelia
Miguel
Alvaro
Jose
Maria Ofelia
Dionisio
Jaime
Maria Bernarda
Gilberto
Ramiro
Fernando
Sandra Liliana
Aura Esther
Aura Esther
Ricardo
Carlos Erlid
Fermiliano
William Antonio
Linda
Jose
Julian Sneider
Giovanis
Yecid Andres
Jose Ever
Luis
Karina Paola
German
Alvaro Farid
Luis Octavio
Francisco
Yovani
Juan David
Cecilia
Armando
Fredman
JosÃ©
Margarito
Edwin
Alfredo
Yordan Eduardo
Albeiro
Wilson
Aldinever
Robinson
Janeth
Jose Miguel
Arcenio
Remberto
Yordan Eduardo
Ovidio de Jesus
Juan Carlos
Justiniano
Jorge Emilio
Gerardo
Diego
Carlos Alberto
Beatriz
Andres
Gonzalo 
Geovanny
Orlando
Rafael
Alejandro
Luz Aida
Pedro Nel
Marcos
John Albeiro
Carmen Ofelia
Miguel
Alvaro
Jose
Maria Ofelia
Dionisio
Jaime
Maria Bernarda
Gilberto
Ramiro
Fernando
Sandra Liliana
Aura Esther
Aura Esther
Ricardo
Carlos Erlid
Fermiliano
William Antonio
Linda
Jose
Julian Sneider
Giovanis
Yecid Andres
Jose Ever
Luis
Karina Paola
German
Alvaro Farid
Luis Octavio
Francisco
Yovani
Juan David
Cecilia
Armando
Fredman
JosÃ©
Margarito
Edwin
Alfredo
Yordan Eduardo
Albeiro
Wilson
Aldinever
Robinson
Janeth
Jose Miguel
Arcenio
Remberto
Yordan Eduardo
Ovidio de Jesus
Juan Carlos
Justiniano
Jorge Emilio
Gerardo
Diego
Carlos Alberto
Beatriz
Andres
Gonzalo 
Geovanny
Orlando
Rafael
Alejandro
Luz Aida
Pedro Nel
Marcos
John Albeiro
Carmen Ofelia
Miguel
Alvaro
Jose
Maria Ofelia
Dionisio
Jaime
Maria Bernarda
Gilberto
Ramiro
Fernando
Sandra Liliana
Aura Esther
Aura Esther
Ricardo
Carlos Erlid
Fermiliano
William Antonio
Linda
Jose
Julian Sneider
Giovanis
Yecid Andres
Jose Ever
Luis
Karina Paola
German
Alvaro Farid
Luis Octavio
Francisco
Yovani
Juan David
Cecilia
Armando
Fredman
JosÃ©
Margarito
Edwin
Alfredo
Yordan Eduardo
Albeiro
Wilson
Aldinever
Robinson
Janeth
Jose Miguel
Arcenio
Remberto
Yordan Eduardo
Ovidio de Jesus
Juan Carlos
Justiniano
Jorge Emilio
Gerardo
Diego
Carlos Alberto
Beatriz
Andres
Gonzalo 
Geovanny
Orlando
Rafael
Alejandro
Luz Aida
Pedro Nel
Marcos
John Albeiro
Carmen Ofelia
Miguel
Alvaro
Jose
Maria Ofelia
Dionisio
Jaime
Maria Bernarda
Gilberto
Ramiro
Fernando
Sandra Liliana
Aura Esther
Aura Esther
Ricardo
Carlos Erlid
Fermiliano
William Antonio
Linda
Jose
Julian Sneider
Giovanis
Yecid Andres
Jose Ever
Luis
Karina Paola
German
Alvaro Farid
Luis Octavio
Francisco
Yovani
Juan David
Cecilia
Armando
Fredman
JosÃ©
Margarito
Edwin
Alfredo
Yordan Eduardo
Albeiro
Wilson
Aldinever
Robinson
Janeth
Jose Miguel
Arcenio
Remberto
Yordan Eduardo
Ovidio de Jesus
Juan Carlos
Justiniano
Jorge Emilio
Gerardo
Diego
Carlos Alberto
Beatriz
Andres
Gonzalo 
Geovanny
Orlando
Rafael
Alejandro
Luz Aida
Pedro Nel
Marcos
John Albeiro
Carmen Ofelia
Miguel
Alvaro
Jose
Maria Ofelia
Dionisio
Jaime
Maria Bernarda
Gilberto
Ramiro
Fernando
Sandra Liliana
Aura Esther
Aura Esther
Ricardo
Carlos Erlid
Fermiliano
William Antonio
Linda
Jose
Julian Sneider
Giovanis
Yecid Andres
Jose Ever
Luis
Karina Paola
German
Alvaro Farid
Luis Octavio
Francisco
Yovani
Juan David
Cecilia
Armando
Fredman
JosÃ©
Margarito
Edwin
Alfredo
Yordan Eduardo
Albeiro
Wilson
Aldinever
Robinson
Janeth
Jose Miguel
Arcenio
Remberto
Yordan Eduardo
Ovidio de Jesus
Juan Carlos
Justiniano
Jorge Emilio
Gerardo
Diego
Carlos Alberto
Beatriz
Andres
Gonzalo 
Geovanny
Orlando
Rafael
Alejandro
Luz Aida
Pedro Nel
Marcos
John Albeiro
Carmen Ofelia
Miguel
Alvaro
Jose
Maria Ofelia
Dionisio
Jaime
Maria Bernarda
Gilberto
Ramiro
Fernando
Sandra Liliana
Aura Esther
Aura Esther
Ricardo
Carlos Erlid
Fermiliano
William Antonio
Linda
Jose
Julian Sneider
Giovanis
Yecid Andres
Jose Ever
Luis
Karina Paola
German
Alvaro Farid
Luis Octavio
Francisco
Yovani
Juan David
Cecilia
Armando
Fredman
JosÃ©
Margarito
Edwin
Alfredo
Yordan Eduardo
Albeiro
Wilson
Aldinever
Robinson
Janeth
Jose Miguel
Arcenio
Remberto
Yordan Eduardo
Ovidio de Jesus
Juan Carlos
Justiniano
Jorge Emilio
Gerardo
Diego
Carlos Alberto
Beatriz
Andres
Gonzalo 
Geovanny
Orlando
Rafael
Alejandro
Luz Aida
Pedro Nel
Marcos
John Albeiro
Carmen Ofelia
Miguel
Alvaro
Jose
Maria Ofelia
Dionisio
Jaime
Maria Bernarda
Gilberto
Ramiro
Fernando
Sandra Liliana
Aura Esther
Aura Esther
Ricardo
Carlos Erlid
Fermiliano
William Antonio
Linda
Jose
Julian Sneider
Giovanis
Yecid Andres
Jose Ever
Luis
Karina Paola
German
Alvaro Farid
Luis Octavio
Francisco
Yovani
Juan David
Cecilia
Armando
Fredman
JosÃ©
Margarito
Edwin
Alfredo
Yordan Eduardo
Albeiro
Wilson
Aldinever
Robinson
Janeth
Jose Miguel
Arcenio
Remberto
Yordan Eduardo
Ovidio de Jesus
Juan Carlos
Justiniano
Jorge Emilio
Gerardo
Diego
Carlos Alberto
Beatriz
Andres
Gonzalo 
Geovanny
Orlando
Rafael
Alejandro
Luz Aida
Pedro Nel
Marcos
John Albeiro
Carmen Ofelia
Miguel
Alvaro
Jose
Maria Ofelia
Dionisio
Jaime
Maria Bernarda
Gilberto
Ramiro
Fernando
Sandra Liliana
Aura Esther
Aura Esther
Ricardo
Carlos Erlid
Fermiliano
William Antonio
Linda
Jose
Julian Sneider
Giovanis
Yecid Andres
Jose Ever
Luis
Karina Paola
German
Alvaro Farid
Luis Octavio
Francisco
Yovani
Juan David
Cecilia
Armando
Fredman
JosÃ©
Margarito
Edwin
Alfredo
Yordan Eduardo
Albeiro
Wilson
Aldinever
Robinson
Janeth
Jose Miguel
Arcenio
Remberto
Yordan Eduardo
Ovidio de Jesus
Juan Carlos
Justiniano
Jorge Emilio
Gerardo
Diego
Carlos Alberto
Beatriz
Andres
Gonzalo 
Geovanny
Orlando
Rafael
Alejandro
Luz Aida
Pedro Nel
Marcos
John Albeiro
Carmen Ofelia
Miguel
Alvaro
Jose
Maria Ofelia
Dionisio
Jaime
Maria Bernarda
Gilberto
Ramiro
Fernando
Sandra Liliana
Aura Esther
Aura Esther
Ricardo
Carlos Erlid
Fermiliano
William Antonio
Linda
Jose
Julian Sneider
Giovanis
Yecid Andres
Jose Ever
Luis
Karina Paola
German
Alvaro Farid
Luis Octavio
Francisco
Yovani
Juan David
Cecilia
Armando
Fredman
JosÃ©
Margarito
Edwin
Alfredo
Yordan Eduardo
Albeiro
Wilson
Aldinever
Robinson
Janeth
Jose Miguel
Arcenio
Remberto
Yordan Eduardo
Ovidio de Jesus
Juan Carlos
Justiniano
Jorge Emilio
Gerardo
Diego
Carlos Alberto
Beatriz
Andres
Gonzalo 
Geovanny
Orlando
Rafael
Alejandro
Luz Aida
Pedro Nel
Marcos
John Albeiro
Carmen Ofelia
Miguel
Alvaro
Jose
Maria Ofelia
Dionisio
Jaime
Maria Bernarda
Gilberto
Ramiro
Fernando
Sandra Liliana
Aura Esther
Aura Esther
Ricardo
Carlos Erlid
Fermiliano
William Antonio
Linda
Jose
Julian Sneider
Giovanis
Yecid Andres
Jose Ever
Luis
Karina Paola
German
Alvaro Farid
Luis Octavio
Francisco
Yovani
Juan David
Cecilia
Armando
Fredman
JosÃ©
Margarito
Edwin
Alfredo
Yordan Eduardo
Albeiro
Wilson
Aldinever
Robinson
Janeth
Jose Miguel
Arcenio
Remberto
Yordan Eduardo
Ovidio de Jesus
Juan Carlos
Justiniano
Jorge Emilio
Gerardo
Diego
Carlos Alberto
Beatriz
Andres
Gonzalo 
Geovanny
Orlando
Rafael
Alejandro
Luz Aida
Pedro Nel
Marcos
John Albeiro
Carmen Ofelia
Miguel
Alvaro
Jose
Maria Ofelia
Dionisio
Jaime
Maria Bernarda
Gilberto
Ramiro
Fernando
Sandra Liliana
Aura Esther
Aura Esther
Ricardo
Carlos Erlid
Fermiliano
William Antonio
Linda
Jose
Julian Sneider
Giovanis
Yecid Andres
Jose Ever
Luis
Karina Paola
German
Alvaro Farid
Luis Octavio
Francisco
Yovani
Juan David
Cecilia
Armando
Fredman
JosÃ©
Margarito
Edwin
Alfredo
Yordan Eduardo
Albeiro
Wilson
Aldinever
Robinson
Janeth
Jose Miguel
Arcenio
Remberto
Yordan Eduardo
Ovidio de Jesus
Juan Carlos
Justiniano
Jorge Emilio
Gerardo
Diego
Carlos Alberto
Beatriz
Andres
Gonzalo 
Geovanny
Orlando
Rafael
Alejandro
Luz Aida
Pedro Nel
Marcos
John Albeiro
Carmen Ofelia
Miguel
Alvaro
Jose
Maria Ofelia
Dionisio
Jaime
Maria Bernarda
Gilberto
Ramiro
Fernando
Sandra Liliana
Aura Esther
Aura Esther
Ricardo
Carlos Erlid
Fermiliano
William Antonio
Linda
Jose
Julian Sneider
Giovanis
Yecid Andres
Jose Ever
Luis
Karina Paola
German
Alvaro Farid
Luis Octavio
Francisco
Yovani
Juan David
Cecilia
Armando
Fredman
JosÃ©
Margarito
Edwin
Alfredo
Yordan Eduardo
Albeiro
Wilson
Aldinever
Robinson
Janeth
Jose Miguel
Arcenio
Remberto
Yordan Eduardo
Ovidio de Jesus
Juan Carlos
Justiniano
Jorge Emilio
Gerardo
Diego
Carlos Alberto
Beatriz
Andres
Gonzalo 
Geovanny
Orlando
Rafael
Alejandro
Luz Aida
Pedro Nel
Marcos
John Albeiro
Carmen Ofelia
Miguel
Alvaro
Jose
Maria Ofelia
Dionisio
Jaime
Maria Bernarda
Gilberto
Ramiro
Fernando
Sandra Liliana
Aura Esther
Aura Esther
Ricardo
Carlos Erlid
Fermiliano
William Antonio
Linda
Jose
Julian Sneider
Giovanis
Yecid Andres
Jose Ever
Luis
Karina Paola
German
Alvaro Farid
Luis Octavio
Francisco
Yovani
Juan David
Cecilia
Armando
Fredman
JosÃ©
Margarito
Edwin
Alfredo
Yordan Eduardo
Albeiro
Wilson
Aldinever
Robinson
Janeth
Jose Miguel
Arcenio
Remberto
Yordan Eduardo
Ovidio de Jesus
Juan Carlos
Justiniano
Jorge Emilio
Gerardo
Diego
Carlos Alberto
Beatriz
Andres
Gonzalo 
Geovanny
Orlando
Rafael
Alejandro
Luz Aida
Pedro Nel
Marcos
John Albeiro
Carmen Ofelia
Miguel
Alvaro
Jose
Maria Ofelia
Dionisio
Jaime
Maria Bernarda
Gilberto
Ramiro
Fernando
Sandra Liliana
Aura Esther
Aura Esther
Ricardo
Carlos Erlid
Fermiliano
William Antonio
Linda
Jose
Julian Sneider
Giovanis
Yecid Andres
Jose Ever
Luis
Karina Paola
German
Alvaro Farid
Luis Octavio
Francisco
Yovani
Juan David
Cecilia
Armando
Fredman
JosÃ©
Margarito
Edwin
Alfredo
Yordan Eduardo
Albeiro
Wilson
Aldinever
Robinson
Janeth
Jose Miguel
Arcenio
Remberto
Yordan Eduardo
Ovidio de Jesus
Juan Carlos
Justiniano
Jorge Emilio
Gerardo
Diego
Carlos Alberto
Beatriz
Andres
Gonzalo 
Geovanny
Orlando
Rafael
Alejandro
Luz Aida
Pedro Nel
Marcos
John Albeiro
Carmen Ofelia
Miguel
Alvaro
Jose
Maria Ofelia
Dionisio
Jaime
Maria Bernarda
Gilberto
Ramiro
Fernando
Sandra Liliana
Aura Esther
Aura Esther
Ricardo
Carlos Erlid
Fermiliano
William Antonio
Linda
Jose
Julian Sneider
Giovanis
Yecid Andres
Jose Ever
Luis
Karina Paola
German
Alvaro Farid
Luis Octavio
Francisco
Yovani
Juan David
Cecilia
Armando
Fredman
JosÃ©
Margarito
Edwin
Alfredo
Yordan Eduardo
Albeiro
Wilson
Aldinever
Robinson
Janeth
Jose Miguel
Arcenio
Remberto
Yordan Eduardo
Ovidio de Jesus
Juan Carlos
Justiniano
Jorge Emilio
Gerardo
Diego
Carlos Alberto
Beatriz
Andres
Gonzalo 
Geovanny
Orlando
Rafael
Alejandro
Luz Aida
Pedro Nel
Marcos
John Albeiro
Carmen Ofelia
Miguel
Alvaro
Jose
Maria Ofelia
Dionisio
Jaime
Maria Bernarda
Gilberto
Ramiro
Fernando
Sandra Liliana
Aura Esther
Aura Esther
Ricardo
Carlos Erlid
Fermiliano
William Antonio
Linda
Jose
Julian Sneider
Giovanis
Yecid Andres
Jose Ever
Luis
Karina Paola
German
Alvaro Farid
Luis Octavio
Francisco
Yovani
Juan David
Cecilia
Armando
Fredman
JosÃ©
Margarito
Robinson
Robinson
Edwin
Fredman
Gonzalo 
Fredman
Fredman
Gonzalo 
Fredman
Robinson
Gerardo
Edwin
Robinson
Armando
Andres
Geovanny
Gonzalo 
Edwin
Fredman
Gonzalo 
Gerardo
Armando
Geovanny
Robinson
Robinson
Andres
Fredman
Robinson
Gerardo
Edwin
Robinson
Armando
Andres
Geovanny
Gonzalo 
Fredman
Robinson
Gerardo
Edwin
Andres
Armando
Geovanny
Gonzalo 
Andres
Andres
Andres
Andres
And
And
Edwin
Geovanny
Gonzalo 
And
Edwin
Robinson
Gerardo
Andres
Armando
Fredman
Edwin
Edwin
Edwin
Geovanny
Gonzalo 
And
Edwin
Robinson
Gerardo
Andres
Armando
Fredman
Edwin
Geovanny
Gonzalo 
And
Edwin
Robinson
Gerardo
Andres
Armando
Fredman
Edwin
Geovanny
Gonzalo 
And
Edwin
Robinson
Gerardo
Andres
Armando
Fredman
Edwin
Geovanny
Gonzalo 
And
Edwin
Robinson
Gerardo
Andres
Armando
Fredman
Edwin
Geovanny
Gonzalo 
Edwin
Robinson
Gerardo
Andres
Armando
Fredman
Edwin
Edwin
Geovanny
Gonzalo 
Edwin
Robinson
Gerardo
Andres
Armando
Fredman
Edwin
Geovanny
Gonzalo 
Edwin
Robinson
Gerardo
Andres
Armando
Fredman
Andres
Edwin
Alfredo
Yordan Eduardo
Albeiro
Wilson
Aldinever
Robinson
Janeth
Jose Miguel
Arcenio
Remberto
Yordan Eduardo
Ovidio de Jesus
Juan Carlos
Justiniano
Jorge Emilio
Gerardo
Diego
Carlos Alberto
Beatriz
Andres
Gonzalo 
Geovanny
Orlando
Rafael
Alejandro
Luz Aida
Pedro Nel
Marcos
John Albeiro
Carmen Ofelia
Miguel
Alvaro
Jose
Maria Ofelia
Dionisio
Jaime
Maria Bernarda
Gilberto
Ramiro
Fernando
Sandra Liliana
Aura Esther
Aura Esther
Ricardo
Carlos Erlid
Fermiliano
William Antonio
Linda
Jose
Julian Sneider
Giovanis
Yecid Andres
Jose Ever
Luis
Karina Paola
German
Alvaro Farid
Luis Octavio
Francisco
Yovani
Juan David
Cecilia
Armando
Fredman
JosÃ©
Margarito
]]></system-out>
  <system-err><![CDATA[]]></system-err>
</testsuite>
