<?xml version="1.0" encoding="UTF-8"?>
<testsuite name="MainTest" tests="22" skipped="0" failures="0" errors="0" timestamp="2021-06-04T23:22:01" hostname="DESKTOP-HNG3HQ1" time="1.197">
  <properties/>
  <testcase name="shouldAddCampesinoVictim()" classname="MainTest" time="0.051"/>
  <testcase name="shouldDeletePersonasComunalesVictim()" classname="MainTest" time="0.003"/>
  <testcase name="shouldExportPersonasFile()" classname="MainTest" time="0.001"/>
  <testcase name="shouldAddIndigenaVictim()" classname="MainTest" time="0.01"/>
  <testcase name="shouldDeletePersonasLgtbiqVictim()" classname="MainTest" time="0.001"/>
  <testcase name="shouldDeletePersonasAmbientalesVictims()" classname="MainTest" time="0.002"/>
  <testcase name="shouldAddAmbientalistaVictim()" classname="MainTest" time="0.002"/>
  <testcase name="shouldAddVictim()" classname="MainTest" time="0.003"/>
  <testcase name="shouldAddComunalVictim()" classname="MainTest" time="0.003"/>
  <testcase name="shouldDeletePersonasSindicalesVictim()" classname="MainTest" time="0.001"/>
  <testcase name="shouldDeleteTotalVictims()" classname="MainTest" time="0.001"/>
  <testcase name="shouldDeletePersonasAfrodescendientesVictims()" classname="MainTest" time="0.001"/>
  <testcase name="shouldAddSindicalVictim()" classname="MainTest" time="0.003"/>
  <testcase name="shouldDeletePersonasIndigenaVictim()" classname="MainTest" time="0.002"/>
  <testcase name="shouldDeletePersonasCampesinosVictims()" classname="MainTest" time="0.003"/>
  <testcase name="shouldImportPersonasFile()" classname="MainTest" time="1.044"/>
  <testcase name="shouldUpdateVictim()" classname="MainTest" time="0.003"/>
  <testcase name="shouldDeleteVictim()" classname="MainTest" time="0.002"/>
  <testcase name="shouldAddLgtbiqVictim()" classname="MainTest" time="0.005"/>
  <testcase name="shouldDeletePersonasCivicosVictims()" classname="MainTest" time="0.002"/>
  <testcase name="shouldAddCivicoVictim()" classname="MainTest" time="0.006"/>
  <testcase name="shouldAddAfrodecendienteVictim()" classname="MainTest" time="0.006"/>
  <system-out><![CDATA[The file lideres.colombia was created
]]></system-out>
  <system-err><![CDATA[]]></system-err>
</testsuite>
